Determining if the pthread_create exist failed with the following output:
Change Dir: /home/naman/catkin_ws/src/hector_slam-groovy/hector_map_server/build/CMakeFiles/CMakeTmp

Run Build Command:/usr/bin/make "cmTryCompileExec1517605384/fast"
make[1]: Entering directory `/home/naman/catkin_ws/src/hector_slam-groovy/hector_map_server/build/CMakeFiles/CMakeTmp'
/usr/bin/make -f CMakeFiles/cmTryCompileExec1517605384.dir/build.make CMakeFiles/cmTryCompileExec1517605384.dir/build
make[2]: Entering directory `/home/naman/catkin_ws/src/hector_slam-groovy/hector_map_server/build/CMakeFiles/CMakeTmp'
/usr/bin/cmake -E cmake_progress_report /home/naman/catkin_ws/src/hector_slam-groovy/hector_map_server/build/CMakeFiles/CMakeTmp/CMakeFiles 1
Building C object CMakeFiles/cmTryCompileExec1517605384.dir/CheckSymbolExists.c.o
/usr/bin/gcc    -o CMakeFiles/cmTryCompileExec1517605384.dir/CheckSymbolExists.c.o   -c /home/naman/catkin_ws/src/hector_slam-groovy/hector_map_server/build/CMakeFiles/CMakeTmp/CheckSymbolExists.c
Linking C executable cmTryCompileExec1517605384
/usr/bin/cmake -E cmake_link_script CMakeFiles/cmTryCompileExec1517605384.dir/link.txt --verbose=1
/usr/bin/gcc         CMakeFiles/cmTryCompileExec1517605384.dir/CheckSymbolExists.c.o  -o cmTryCompileExec1517605384 -rdynamic 
CMakeFiles/cmTryCompileExec1517605384.dir/CheckSymbolExists.c.o: In function `main':
CheckSymbolExists.c:(.text+0x16): undefined reference to `pthread_create'
collect2: error: ld returned 1 exit status
make[2]: Leaving directory `/home/naman/catkin_ws/src/hector_slam-groovy/hector_map_server/build/CMakeFiles/CMakeTmp'
make[2]: *** [cmTryCompileExec1517605384] Error 1
make[1]: Leaving directory `/home/naman/catkin_ws/src/hector_slam-groovy/hector_map_server/build/CMakeFiles/CMakeTmp'
make[1]: *** [cmTryCompileExec1517605384/fast] Error 2

File /home/naman/catkin_ws/src/hector_slam-groovy/hector_map_server/build/CMakeFiles/CMakeTmp/CheckSymbolExists.c:
/* */
#include <pthread.h>

int main(int argc, char** argv)
{
  (void)argv;
#ifndef pthread_create
  return ((int*)(&pthread_create))[argc];
#else
  (void)argc;
  return 0;
#endif
}

Determining if the function pthread_create exists in the pthreads failed with the following output:
Change Dir: /home/naman/catkin_ws/src/hector_slam-groovy/hector_map_server/build/CMakeFiles/CMakeTmp

Run Build Command:/usr/bin/make "cmTryCompileExec805429124/fast"
make[1]: Entering directory `/home/naman/catkin_ws/src/hector_slam-groovy/hector_map_server/build/CMakeFiles/CMakeTmp'
/usr/bin/make -f CMakeFiles/cmTryCompileExec805429124.dir/build.make CMakeFiles/cmTryCompileExec805429124.dir/build
make[2]: Entering directory `/home/naman/catkin_ws/src/hector_slam-groovy/hector_map_server/build/CMakeFiles/CMakeTmp'
/usr/bin/cmake -E cmake_progress_report /home/naman/catkin_ws/src/hector_slam-groovy/hector_map_server/build/CMakeFiles/CMakeTmp/CMakeFiles 1
Building C object CMakeFiles/cmTryCompileExec805429124.dir/CheckFunctionExists.c.o
/usr/bin/gcc   -DCHECK_FUNCTION_EXISTS=pthread_create   -o CMakeFiles/cmTryCompileExec805429124.dir/CheckFunctionExists.c.o   -c /usr/share/cmake-2.8/Modules/CheckFunctionExists.c
Linking C executable cmTryCompileExec805429124
/usr/bin/cmake -E cmake_link_script CMakeFiles/cmTryCompileExec805429124.dir/link.txt --verbose=1
/usr/bin/gcc     -DCHECK_FUNCTION_EXISTS=pthread_create    CMakeFiles/cmTryCompileExec805429124.dir/CheckFunctionExists.c.o  -o cmTryCompileExec805429124 -rdynamic -lpthreads 
/usr/bin/ld: cannot find -lpthreads
collect2: error: ld returned 1 exit status
make[2]: *** [cmTryCompileExec805429124] Error 1
make[2]: Leaving directory `/home/naman/catkin_ws/src/hector_slam-groovy/hector_map_server/build/CMakeFiles/CMakeTmp'
make[1]: *** [cmTryCompileExec805429124/fast] Error 2
make[1]: Leaving directory `/home/naman/catkin_ws/src/hector_slam-groovy/hector_map_server/build/CMakeFiles/CMakeTmp'


