Determining if the pthread_create exist failed with the following output:
Change Dir: /home/naman/catkin_ws/src/hector_slam-groovy/hector_compressed_map_transport/build/CMakeFiles/CMakeTmp

Run Build Command:/usr/bin/make "cmTryCompileExec47770914/fast"
make[1]: Entering directory `/home/naman/catkin_ws/src/hector_slam-groovy/hector_compressed_map_transport/build/CMakeFiles/CMakeTmp'
/usr/bin/make -f CMakeFiles/cmTryCompileExec47770914.dir/build.make CMakeFiles/cmTryCompileExec47770914.dir/build
make[2]: Entering directory `/home/naman/catkin_ws/src/hector_slam-groovy/hector_compressed_map_transport/build/CMakeFiles/CMakeTmp'
/usr/bin/cmake -E cmake_progress_report /home/naman/catkin_ws/src/hector_slam-groovy/hector_compressed_map_transport/build/CMakeFiles/CMakeTmp/CMakeFiles 1
Building C object CMakeFiles/cmTryCompileExec47770914.dir/CheckSymbolExists.c.o
/usr/bin/gcc    -o CMakeFiles/cmTryCompileExec47770914.dir/CheckSymbolExists.c.o   -c /home/naman/catkin_ws/src/hector_slam-groovy/hector_compressed_map_transport/build/CMakeFiles/CMakeTmp/CheckSymbolExists.c
Linking C executable cmTryCompileExec47770914
/usr/bin/cmake -E cmake_link_script CMakeFiles/cmTryCompileExec47770914.dir/link.txt --verbose=1
/usr/bin/gcc         CMakeFiles/cmTryCompileExec47770914.dir/CheckSymbolExists.c.o  -o cmTryCompileExec47770914 -rdynamic 
CMakeFiles/cmTryCompileExec47770914.dir/CheckSymbolExists.c.o: In function `main':
CheckSymbolExists.c:(.text+0x16): undefined reference to `pthread_create'
collect2: error: ld returned 1 exit status
make[2]: *** [cmTryCompileExec47770914] Error 1
make[2]: Leaving directory `/home/naman/catkin_ws/src/hector_slam-groovy/hector_compressed_map_transport/build/CMakeFiles/CMakeTmp'
make[1]: *** [cmTryCompileExec47770914/fast] Error 2
make[1]: Leaving directory `/home/naman/catkin_ws/src/hector_slam-groovy/hector_compressed_map_transport/build/CMakeFiles/CMakeTmp'

File /home/naman/catkin_ws/src/hector_slam-groovy/hector_compressed_map_transport/build/CMakeFiles/CMakeTmp/CheckSymbolExists.c:
/* */
#include <pthread.h>

int main(int argc, char** argv)
{
  (void)argv;
#ifndef pthread_create
  return ((int*)(&pthread_create))[argc];
#else
  (void)argc;
  return 0;
#endif
}

Determining if the function pthread_create exists in the pthreads failed with the following output:
Change Dir: /home/naman/catkin_ws/src/hector_slam-groovy/hector_compressed_map_transport/build/CMakeFiles/CMakeTmp

Run Build Command:/usr/bin/make "cmTryCompileExec2931667054/fast"
make[1]: Entering directory `/home/naman/catkin_ws/src/hector_slam-groovy/hector_compressed_map_transport/build/CMakeFiles/CMakeTmp'
/usr/bin/make -f CMakeFiles/cmTryCompileExec2931667054.dir/build.make CMakeFiles/cmTryCompileExec2931667054.dir/build
make[2]: Entering directory `/home/naman/catkin_ws/src/hector_slam-groovy/hector_compressed_map_transport/build/CMakeFiles/CMakeTmp'
/usr/bin/cmake -E cmake_progress_report /home/naman/catkin_ws/src/hector_slam-groovy/hector_compressed_map_transport/build/CMakeFiles/CMakeTmp/CMakeFiles 1
Building C object CMakeFiles/cmTryCompileExec2931667054.dir/CheckFunctionExists.c.o
/usr/bin/gcc   -DCHECK_FUNCTION_EXISTS=pthread_create   -o CMakeFiles/cmTryCompileExec2931667054.dir/CheckFunctionExists.c.o   -c /usr/share/cmake-2.8/Modules/CheckFunctionExists.c
Linking C executable cmTryCompileExec2931667054
/usr/bin/cmake -E cmake_link_script CMakeFiles/cmTryCompileExec2931667054.dir/link.txt --verbose=1
/usr/bin/gcc     -DCHECK_FUNCTION_EXISTS=pthread_create    CMakeFiles/cmTryCompileExec2931667054.dir/CheckFunctionExists.c.o  -o cmTryCompileExec2931667054 -rdynamic -lpthreads 
/usr/bin/ld: cannot find -lpthreads
collect2: error: ld returned 1 exit status
make[2]: *** [cmTryCompileExec2931667054] Error 1
make[2]: Leaving directory `/home/naman/catkin_ws/src/hector_slam-groovy/hector_compressed_map_transport/build/CMakeFiles/CMakeTmp'
make[1]: *** [cmTryCompileExec2931667054/fast] Error 2
make[1]: Leaving directory `/home/naman/catkin_ws/src/hector_slam-groovy/hector_compressed_map_transport/build/CMakeFiles/CMakeTmp'


